Arguments: 
  /usr/local/bin/node /usr/local/bin/yarn i -D babel-core babel-loader

PATH: 
  /usr/local/mongodb/bin:/usr/local/bin:/usr/bin:/bin:/usr/sbin:/sbin:/Applications/VMware Fusion.app/Contents/Public:/usr/local/mongodb/bin

Yarn version: 
  1.5.1

Node version: 
  8.2.0

Platform: 
  darwin x64

npm manifest: 
  {
    "name": "meal-react",
    "version": "1.0.0",
    "homepage": "index.html",
    "description": "Simple create react application, quickly increase page",
    "main": "index.js",
    "license": "MIT",
    "webpackrc": {
      "entry": "index.js"
    },
    "devDependencies": {
      "babel-loader": "^7.1.4",
      "chalk": "^2.4.1",
      "ice-scripts": "^1.5.4"
    }
  }

yarn manifest: 
  No manifest

Lockfile: 
  No lockfile

Trace: 
  Error: Command "i" not found.
      at new MessageError (/usr/local/lib/node_modules/yarn/lib/cli.js:186:110)
      at /usr/local/lib/node_modules/yarn/lib/cli.js:87307:17
      at Generator.next (<anonymous>)
      at step (/usr/local/lib/node_modules/yarn/lib/cli.js:98:30)
      at /usr/local/lib/node_modules/yarn/lib/cli.js:116:14
      at Promise (<anonymous>)
      at F (/usr/local/lib/node_modules/yarn/lib/cli.js:23451:28)
      at /usr/local/lib/node_modules/yarn/lib/cli.js:95:12
      at runCommand (/usr/local/lib/node_modules/yarn/lib/cli.js:87312:22)
      at Object.<anonymous> (/usr/local/lib/node_modules/yarn/lib/cli.js:87412:14)
